<?xml version="1.0" encoding="UTF-8"?>
<!-- Generated by org.testng.reporters.JUnitReportReporter -->
<testsuite hostname="DESKTOP-CKAT2MN" failures="0" tests="1" name="com.smoke.RunTime" time="0.028" errors="0" timestamp="2021-07-17T23:03:16 EDT" skipped="0">
  <testcase classname="com.smoke.RunTime" name="getLogin" time="0.028"/>
  <system-out/>
</testsuite> <!-- com.smoke.RunTime -->
